[3.425s] Invoking command in '/home/orin_nano1/humanoid/ros2_workspace/src/hardware_data': PYTHONPATH=/home/orin_nano1/humanoid/ros2_workspace/build/hardware_data/prefix_override:/usr/lib/python3/dist-packages/colcon_core/task/python/colcon_distutils_commands:/home/orin_nano1/humanoid/ros2_workspace/install/hardware_data/lib/python3.10/site-packages:${PYTHONPATH} /usr/bin/python3 -W ignore:setup.py install is deprecated -W ignore:easy_install command is deprecated setup.py egg_info --egg-base ../../build/hardware_data build --build-base /home/orin_nano1/humanoid/ros2_workspace/build/hardware_data/build install --record /home/orin_nano1/humanoid/ros2_workspace/build/hardware_data/install.log --single-version-externally-managed install_data
[4.769s] running egg_info
[4.771s] writing ../../build/hardware_data/hardware_data.egg-info/PKG-INFO
[4.774s] writing dependency_links to ../../build/hardware_data/hardware_data.egg-info/dependency_links.txt
[4.774s] writing entry points to ../../build/hardware_data/hardware_data.egg-info/entry_points.txt
[4.774s] writing requirements to ../../build/hardware_data/hardware_data.egg-info/requires.txt
[4.775s] writing top-level names to ../../build/hardware_data/hardware_data.egg-info/top_level.txt
[4.777s] reading manifest file '../../build/hardware_data/hardware_data.egg-info/SOURCES.txt'
[4.780s] writing manifest file '../../build/hardware_data/hardware_data.egg-info/SOURCES.txt'
[4.780s] running build
[4.780s] running build_py
[4.781s] copying hardware_data/hardware_data_sub.py -> /home/orin_nano1/humanoid/ros2_workspace/build/hardware_data/build/lib/hardware_data
[4.781s] copying hardware_data/hardware_data_pub.py -> /home/orin_nano1/humanoid/ros2_workspace/build/hardware_data/build/lib/hardware_data
[4.782s] running install
[4.782s] running install_lib
[4.784s] copying /home/orin_nano1/humanoid/ros2_workspace/build/hardware_data/build/lib/hardware_data/hardware_data_sub.py -> /home/orin_nano1/humanoid/ros2_workspace/install/hardware_data/lib/python3.10/site-packages/hardware_data
[4.785s] copying /home/orin_nano1/humanoid/ros2_workspace/build/hardware_data/build/lib/hardware_data/hardware_data_pub.py -> /home/orin_nano1/humanoid/ros2_workspace/install/hardware_data/lib/python3.10/site-packages/hardware_data
[4.792s] byte-compiling /home/orin_nano1/humanoid/ros2_workspace/install/hardware_data/lib/python3.10/site-packages/hardware_data/hardware_data_sub.py to hardware_data_sub.cpython-310.pyc
[4.793s] byte-compiling /home/orin_nano1/humanoid/ros2_workspace/install/hardware_data/lib/python3.10/site-packages/hardware_data/hardware_data_pub.py to hardware_data_pub.cpython-310.pyc
[4.794s] running install_data
[4.795s] running install_egg_info
[4.805s] removing '/home/orin_nano1/humanoid/ros2_workspace/install/hardware_data/lib/python3.10/site-packages/hardware_data-0.0.0-py3.10.egg-info' (and everything under it)
[4.805s] Copying ../../build/hardware_data/hardware_data.egg-info to /home/orin_nano1/humanoid/ros2_workspace/install/hardware_data/lib/python3.10/site-packages/hardware_data-0.0.0-py3.10.egg-info
[4.808s] running install_scripts
[4.911s] Installing hardware_data_pub script to /home/orin_nano1/humanoid/ros2_workspace/install/hardware_data/lib/hardware_data
[4.911s] Installing hardware_data_sub script to /home/orin_nano1/humanoid/ros2_workspace/install/hardware_data/lib/hardware_data
[4.912s] writing list of installed files to '/home/orin_nano1/humanoid/ros2_workspace/build/hardware_data/install.log'
[4.989s] Invoked command in '/home/orin_nano1/humanoid/ros2_workspace/src/hardware_data' returned '0': PYTHONPATH=/home/orin_nano1/humanoid/ros2_workspace/build/hardware_data/prefix_override:/usr/lib/python3/dist-packages/colcon_core/task/python/colcon_distutils_commands:/home/orin_nano1/humanoid/ros2_workspace/install/hardware_data/lib/python3.10/site-packages:${PYTHONPATH} /usr/bin/python3 -W ignore:setup.py install is deprecated -W ignore:easy_install command is deprecated setup.py egg_info --egg-base ../../build/hardware_data build --build-base /home/orin_nano1/humanoid/ros2_workspace/build/hardware_data/build install --record /home/orin_nano1/humanoid/ros2_workspace/build/hardware_data/install.log --single-version-externally-managed install_data
