[0.601s] DEBUG:colcon:Command line arguments: ['/usr/bin/colcon', 'build']
[0.601s] DEBUG:colcon:Parsed command line arguments: Namespace(log_base=None, log_level=None, verb_name='build', build_base='build', install_base='install', merge_install=False, symlink_install=False, test_result_base=None, continue_on_error=False, executor='parallel', parallel_workers=6, event_handlers=None, ignore_user_meta=False, metas=['./colcon.meta'], base_paths=['.'], packages_ignore=None, packages_ignore_regex=None, paths=None, packages_up_to=None, packages_up_to_regex=None, packages_above=None, packages_above_and_dependencies=None, packages_above_depth=None, packages_select_by_dep=None, packages_skip_by_dep=None, packages_skip_up_to=None, packages_select_build_failed=False, packages_skip_build_finished=False, packages_select_test_failures=False, packages_skip_test_passed=False, packages_select=None, packages_skip=None, packages_select_regex=None, packages_skip_regex=None, packages_start=None, packages_end=None, allow_overriding=[], cmake_args=None, cmake_target=None, cmake_target_skip_unavailable=False, cmake_clean_cache=False, cmake_clean_first=False, cmake_force_configure=False, ament_cmake_args=None, catkin_cmake_args=None, catkin_skip_building_tests=False, mixin_files=None, mixin=None, verb_parser=<colcon_mixin.mixin.mixin_argument.MixinArgumentDecorator object at 0xffffa7ce3bb0>, verb_extension=<colcon_core.verb.build.BuildVerb object at 0xffffa7ce35e0>, main=<bound method BuildVerb.main of <colcon_core.verb.build.BuildVerb object at 0xffffa7ce35e0>>, mixin_verb=('build',))
[1.333s] Level 1:colcon.colcon_core.package_discovery:discover_packages(colcon_meta) check parameters
[1.333s] Level 1:colcon.colcon_core.package_discovery:discover_packages(recursive) check parameters
[1.334s] Level 1:colcon.colcon_core.package_discovery:discover_packages(ignore) check parameters
[1.334s] Level 1:colcon.colcon_core.package_discovery:discover_packages(path) check parameters
[1.334s] Level 1:colcon.colcon_core.package_discovery:discover_packages(colcon_meta) discover
[1.334s] Level 1:colcon.colcon_core.package_discovery:discover_packages(recursive) discover
[1.334s] INFO:colcon.colcon_core.package_discovery:Crawling recursively for packages in '/home/orin_nano1/humanoid/ros2_workspace'
[1.334s] Level 1:colcon.colcon_core.package_identification:_identify(.) by extensions ['ignore', 'ignore_ament_install']
[1.335s] Level 1:colcon.colcon_core.package_identification:_identify(.) by extension 'ignore'
[1.335s] Level 1:colcon.colcon_core.package_identification:_identify(.) by extension 'ignore_ament_install'
[1.335s] Level 1:colcon.colcon_core.package_identification:_identify(.) by extensions ['colcon_pkg']
[1.335s] Level 1:colcon.colcon_core.package_identification:_identify(.) by extension 'colcon_pkg'
[1.335s] Level 1:colcon.colcon_core.package_identification:_identify(.) by extensions ['colcon_meta']
[1.335s] Level 1:colcon.colcon_core.package_identification:_identify(.) by extension 'colcon_meta'
[1.335s] Level 1:colcon.colcon_core.package_identification:_identify(.) by extensions ['ros']
[1.335s] Level 1:colcon.colcon_core.package_identification:_identify(.) by extension 'ros'
[1.371s] Level 1:colcon.colcon_core.package_identification:_identify(.) by extensions ['cmake', 'python']
[1.371s] Level 1:colcon.colcon_core.package_identification:_identify(.) by extension 'cmake'
[1.371s] Level 1:colcon.colcon_core.package_identification:_identify(.) by extension 'python'
[1.371s] Level 1:colcon.colcon_core.package_identification:_identify(.) by extensions ['python_setup_py']
[1.371s] Level 1:colcon.colcon_core.package_identification:_identify(.) by extension 'python_setup_py'
[1.372s] Level 1:colcon.colcon_core.package_identification:_identify(build) by extensions ['ignore', 'ignore_ament_install']
[1.372s] Level 1:colcon.colcon_core.package_identification:_identify(build) by extension 'ignore'
[1.372s] Level 1:colcon.colcon_core.package_identification:_identify(build) ignored
[1.372s] Level 1:colcon.colcon_core.package_identification:_identify(install) by extensions ['ignore', 'ignore_ament_install']
[1.373s] Level 1:colcon.colcon_core.package_identification:_identify(install) by extension 'ignore'
[1.373s] Level 1:colcon.colcon_core.package_identification:_identify(install) ignored
[1.373s] Level 1:colcon.colcon_core.package_identification:_identify(log) by extensions ['ignore', 'ignore_ament_install']
[1.373s] Level 1:colcon.colcon_core.package_identification:_identify(log) by extension 'ignore'
[1.373s] Level 1:colcon.colcon_core.package_identification:_identify(log) ignored
[1.374s] Level 1:colcon.colcon_core.package_identification:_identify(src) by extensions ['ignore', 'ignore_ament_install']
[1.374s] Level 1:colcon.colcon_core.package_identification:_identify(src) by extension 'ignore'
[1.374s] Level 1:colcon.colcon_core.package_identification:_identify(src) by extension 'ignore_ament_install'
[1.374s] Level 1:colcon.colcon_core.package_identification:_identify(src) by extensions ['colcon_pkg']
[1.374s] Level 1:colcon.colcon_core.package_identification:_identify(src) by extension 'colcon_pkg'
[1.374s] Level 1:colcon.colcon_core.package_identification:_identify(src) by extensions ['colcon_meta']
[1.374s] Level 1:colcon.colcon_core.package_identification:_identify(src) by extension 'colcon_meta'
[1.374s] Level 1:colcon.colcon_core.package_identification:_identify(src) by extensions ['ros']
[1.374s] Level 1:colcon.colcon_core.package_identification:_identify(src) by extension 'ros'
[1.375s] Level 1:colcon.colcon_core.package_identification:_identify(src) by extensions ['cmake', 'python']
[1.375s] Level 1:colcon.colcon_core.package_identification:_identify(src) by extension 'cmake'
[1.375s] Level 1:colcon.colcon_core.package_identification:_identify(src) by extension 'python'
[1.375s] Level 1:colcon.colcon_core.package_identification:_identify(src) by extensions ['python_setup_py']
[1.375s] Level 1:colcon.colcon_core.package_identification:_identify(src) by extension 'python_setup_py'
[1.375s] Level 1:colcon.colcon_core.package_identification:_identify(src/_tools) by extensions ['ignore', 'ignore_ament_install']
[1.375s] Level 1:colcon.colcon_core.package_identification:_identify(src/_tools) by extension 'ignore'
[1.375s] Level 1:colcon.colcon_core.package_identification:_identify(src/_tools) by extension 'ignore_ament_install'
[1.376s] Level 1:colcon.colcon_core.package_identification:_identify(src/_tools) by extensions ['colcon_pkg']
[1.376s] Level 1:colcon.colcon_core.package_identification:_identify(src/_tools) by extension 'colcon_pkg'
[1.376s] Level 1:colcon.colcon_core.package_identification:_identify(src/_tools) by extensions ['colcon_meta']
[1.376s] Level 1:colcon.colcon_core.package_identification:_identify(src/_tools) by extension 'colcon_meta'
[1.376s] Level 1:colcon.colcon_core.package_identification:_identify(src/_tools) by extensions ['ros']
[1.376s] Level 1:colcon.colcon_core.package_identification:_identify(src/_tools) by extension 'ros'
[1.376s] Level 1:colcon.colcon_core.package_identification:_identify(src/_tools) by extensions ['cmake', 'python']
[1.376s] Level 1:colcon.colcon_core.package_identification:_identify(src/_tools) by extension 'cmake'
[1.376s] Level 1:colcon.colcon_core.package_identification:_identify(src/_tools) by extension 'python'
[1.376s] Level 1:colcon.colcon_core.package_identification:_identify(src/_tools) by extensions ['python_setup_py']
[1.376s] Level 1:colcon.colcon_core.package_identification:_identify(src/_tools) by extension 'python_setup_py'
[1.377s] Level 1:colcon.colcon_core.package_identification:_identify(src/hardware_data) by extensions ['ignore', 'ignore_ament_install']
[1.377s] Level 1:colcon.colcon_core.package_identification:_identify(src/hardware_data) by extension 'ignore'
[1.377s] Level 1:colcon.colcon_core.package_identification:_identify(src/hardware_data) by extension 'ignore_ament_install'
[1.377s] Level 1:colcon.colcon_core.package_identification:_identify(src/hardware_data) by extensions ['colcon_pkg']
[1.377s] Level 1:colcon.colcon_core.package_identification:_identify(src/hardware_data) by extension 'colcon_pkg'
[1.377s] Level 1:colcon.colcon_core.package_identification:_identify(src/hardware_data) by extensions ['colcon_meta']
[1.377s] Level 1:colcon.colcon_core.package_identification:_identify(src/hardware_data) by extension 'colcon_meta'
[1.378s] Level 1:colcon.colcon_core.package_identification:_identify(src/hardware_data) by extensions ['ros']
[1.378s] Level 1:colcon.colcon_core.package_identification:_identify(src/hardware_data) by extension 'ros'
[1.383s] DEBUG:colcon.colcon_core.package_identification:Package 'src/hardware_data' with type 'ros.ament_python' and name 'hardware_data'
[1.383s] Level 1:colcon.colcon_core.package_discovery:discover_packages(recursive) using defaults
[1.384s] Level 1:colcon.colcon_core.package_discovery:discover_packages(ignore) discover
[1.384s] Level 1:colcon.colcon_core.package_discovery:discover_packages(ignore) using defaults
[1.384s] Level 1:colcon.colcon_core.package_discovery:discover_packages(path) discover
[1.384s] Level 1:colcon.colcon_core.package_discovery:discover_packages(path) using defaults
[1.486s] Level 1:colcon.colcon_core.package_discovery:discover_packages(prefix_path) check parameters
[1.486s] Level 1:colcon.colcon_core.package_discovery:discover_packages(prefix_path) discover
[1.488s] WARNING:colcon.colcon_ros.prefix_path.ament:The path '/home/orin_nano1/humanoid/ros2_workspace/install/hardware_data' in the environment variable AMENT_PREFIX_PATH doesn't exist
[1.522s] DEBUG:colcon.colcon_installed_package_information.package_discovery:Found 0 installed packages in /home/orin_nano1/humanoid/ros2_workspace/install
[1.523s] DEBUG:colcon.colcon_installed_package_information.package_discovery:Found 1 installed packages in /home/orin_nano1/octomap_ws/install
[1.543s] DEBUG:colcon.colcon_installed_package_information.package_discovery:Found 346 installed packages in /home/orin_nano1/ros2_humble/install
[1.551s] DEBUG:colcon.colcon_installed_package_information.package_discovery:Found 112 installed packages in /opt/ros/humble
[1.560s] Level 1:colcon.colcon_core.package_discovery:discover_packages(prefix_path) using defaults
[1.662s] Level 5:colcon.colcon_core.verb:set package 'hardware_data' build argument 'cmake_args' from command line to 'None'
[1.662s] Level 5:colcon.colcon_core.verb:set package 'hardware_data' build argument 'cmake_target' from command line to 'None'
[1.662s] Level 5:colcon.colcon_core.verb:set package 'hardware_data' build argument 'cmake_target_skip_unavailable' from command line to 'False'
[1.662s] Level 5:colcon.colcon_core.verb:set package 'hardware_data' build argument 'cmake_clean_cache' from command line to 'False'
[1.662s] Level 5:colcon.colcon_core.verb:set package 'hardware_data' build argument 'cmake_clean_first' from command line to 'False'
[1.662s] Level 5:colcon.colcon_core.verb:set package 'hardware_data' build argument 'cmake_force_configure' from command line to 'False'
[1.662s] Level 5:colcon.colcon_core.verb:set package 'hardware_data' build argument 'ament_cmake_args' from command line to 'None'
[1.663s] Level 5:colcon.colcon_core.verb:set package 'hardware_data' build argument 'catkin_cmake_args' from command line to 'None'
[1.663s] Level 5:colcon.colcon_core.verb:set package 'hardware_data' build argument 'catkin_skip_building_tests' from command line to 'False'
[1.663s] DEBUG:colcon.colcon_core.verb:Building package 'hardware_data' with the following arguments: {'ament_cmake_args': None, 'build_base': '/home/orin_nano1/humanoid/ros2_workspace/build/hardware_data', 'catkin_cmake_args': None, 'catkin_skip_building_tests': False, 'cmake_args': None, 'cmake_clean_cache': False, 'cmake_clean_first': False, 'cmake_force_configure': False, 'cmake_target': None, 'cmake_target_skip_unavailable': False, 'install_base': '/home/orin_nano1/humanoid/ros2_workspace/install/hardware_data', 'merge_install': False, 'path': '/home/orin_nano1/humanoid/ros2_workspace/src/hardware_data', 'symlink_install': False, 'test_result_base': None}
[1.663s] INFO:colcon.colcon_core.executor:Executing jobs using 'parallel' executor
[1.666s] DEBUG:colcon.colcon_parallel_executor.executor.parallel:run_until_complete
[1.666s] INFO:colcon.colcon_ros.task.ament_python.build:Building ROS package in '/home/orin_nano1/humanoid/ros2_workspace/src/hardware_data' with build type 'ament_python'
[1.666s] Level 1:colcon.colcon_core.shell:create_environment_hook('hardware_data', 'ament_prefix_path')
[1.681s] INFO:colcon.colcon_core.plugin_system:Skipping extension 'colcon_core.shell.bat': Not used on non-Windows systems
[1.682s] INFO:colcon.colcon_core.shell:Creating environment hook '/home/orin_nano1/humanoid/ros2_workspace/install/hardware_data/share/hardware_data/hook/ament_prefix_path.ps1'
[1.684s] INFO:colcon.colcon_core.shell:Creating environment descriptor '/home/orin_nano1/humanoid/ros2_workspace/install/hardware_data/share/hardware_data/hook/ament_prefix_path.dsv'
[1.685s] INFO:colcon.colcon_core.shell:Creating environment hook '/home/orin_nano1/humanoid/ros2_workspace/install/hardware_data/share/hardware_data/hook/ament_prefix_path.sh'
[1.687s] INFO:colcon.colcon_core.shell:Skip shell extension 'powershell' for command environment: Not usable outside of PowerShell
[1.687s] DEBUG:colcon.colcon_core.shell:Skip shell extension 'dsv' for command environment
[3.061s] INFO:colcon.colcon_core.task.python.build:Building Python package in '/home/orin_nano1/humanoid/ros2_workspace/src/hardware_data'
[3.062s] INFO:colcon.colcon_core.shell:Skip shell extension 'powershell' for command environment: Not usable outside of PowerShell
[3.063s] DEBUG:colcon.colcon_core.shell:Skip shell extension 'dsv' for command environment
[5.027s] DEBUG:colcon.colcon_core.event_handler.log_command:Invoking command in '/home/orin_nano1/humanoid/ros2_workspace/src/hardware_data': PYTHONPATH=/home/orin_nano1/humanoid/ros2_workspace/build/hardware_data/prefix_override:/usr/lib/python3/dist-packages/colcon_core/task/python/colcon_distutils_commands:/home/orin_nano1/humanoid/ros2_workspace/install/hardware_data/lib/python3.10/site-packages:${PYTHONPATH} /usr/bin/python3 -W ignore:setup.py install is deprecated -W ignore:easy_install command is deprecated setup.py egg_info --egg-base ../../build/hardware_data build --build-base /home/orin_nano1/humanoid/ros2_workspace/build/hardware_data/build install --record /home/orin_nano1/humanoid/ros2_workspace/build/hardware_data/install.log --single-version-externally-managed install_data
[6.487s] DEBUG:colcon.colcon_core.event_handler.log_command:Invoked command in '/home/orin_nano1/humanoid/ros2_workspace/src/hardware_data' returned '0': PYTHONPATH=/home/orin_nano1/humanoid/ros2_workspace/build/hardware_data/prefix_override:/usr/lib/python3/dist-packages/colcon_core/task/python/colcon_distutils_commands:/home/orin_nano1/humanoid/ros2_workspace/install/hardware_data/lib/python3.10/site-packages:${PYTHONPATH} /usr/bin/python3 -W ignore:setup.py install is deprecated -W ignore:easy_install command is deprecated setup.py egg_info --egg-base ../../build/hardware_data build --build-base /home/orin_nano1/humanoid/ros2_workspace/build/hardware_data/build install --record /home/orin_nano1/humanoid/ros2_workspace/build/hardware_data/install.log --single-version-externally-managed install_data
[6.511s] Level 1:colcon.colcon_core.environment:checking '/home/orin_nano1/humanoid/ros2_workspace/install/hardware_data' for CMake module files
[6.512s] Level 1:colcon.colcon_core.environment:checking '/home/orin_nano1/humanoid/ros2_workspace/install/hardware_data' for CMake config files
[6.514s] Level 1:colcon.colcon_core.environment:checking '/home/orin_nano1/humanoid/ros2_workspace/install/hardware_data/lib'
[6.515s] Level 1:colcon.colcon_core.environment:checking '/home/orin_nano1/humanoid/ros2_workspace/install/hardware_data/bin'
[6.515s] Level 1:colcon.colcon_core.environment:checking '/home/orin_nano1/humanoid/ros2_workspace/install/hardware_data/lib/pkgconfig/hardware_data.pc'
[6.516s] Level 1:colcon.colcon_core.environment:checking '/home/orin_nano1/humanoid/ros2_workspace/install/hardware_data/lib/python3.10/site-packages'
[6.516s] Level 1:colcon.colcon_core.shell:create_environment_hook('hardware_data', 'pythonpath')
[6.517s] INFO:colcon.colcon_core.shell:Creating environment hook '/home/orin_nano1/humanoid/ros2_workspace/install/hardware_data/share/hardware_data/hook/pythonpath.ps1'
[6.519s] INFO:colcon.colcon_core.shell:Creating environment descriptor '/home/orin_nano1/humanoid/ros2_workspace/install/hardware_data/share/hardware_data/hook/pythonpath.dsv'
[6.520s] INFO:colcon.colcon_core.shell:Creating environment hook '/home/orin_nano1/humanoid/ros2_workspace/install/hardware_data/share/hardware_data/hook/pythonpath.sh'
[6.522s] Level 1:colcon.colcon_core.environment:checking '/home/orin_nano1/humanoid/ros2_workspace/install/hardware_data/bin'
[6.522s] Level 1:colcon.colcon_core.environment:create_environment_scripts_only(hardware_data)
[6.523s] INFO:colcon.colcon_core.shell:Creating package script '/home/orin_nano1/humanoid/ros2_workspace/install/hardware_data/share/hardware_data/package.ps1'
[6.526s] INFO:colcon.colcon_core.shell:Creating package descriptor '/home/orin_nano1/humanoid/ros2_workspace/install/hardware_data/share/hardware_data/package.dsv'
[6.529s] INFO:colcon.colcon_core.shell:Creating package script '/home/orin_nano1/humanoid/ros2_workspace/install/hardware_data/share/hardware_data/package.sh'
[6.533s] INFO:colcon.colcon_core.shell:Creating package script '/home/orin_nano1/humanoid/ros2_workspace/install/hardware_data/share/hardware_data/package.bash'
[6.535s] INFO:colcon.colcon_core.shell:Creating package script '/home/orin_nano1/humanoid/ros2_workspace/install/hardware_data/share/hardware_data/package.zsh'
[6.537s] Level 1:colcon.colcon_core.environment:create_file_with_runtime_dependencies(/home/orin_nano1/humanoid/ros2_workspace/install/hardware_data/share/colcon-core/packages/hardware_data)
[6.538s] DEBUG:colcon.colcon_parallel_executor.executor.parallel:closing loop
[6.538s] DEBUG:colcon.colcon_parallel_executor.executor.parallel:loop closed
[6.539s] DEBUG:colcon.colcon_parallel_executor.executor.parallel:run_until_complete finished with '0'
[6.539s] DEBUG:colcon.colcon_core.event_reactor:joining thread
[6.592s] INFO:colcon.colcon_core.plugin_system:Skipping extension 'colcon_notification.desktop_notification.terminal_notifier': Not used on non-Darwin systems
[6.593s] INFO:colcon.colcon_core.plugin_system:Skipping extension 'colcon_notification.desktop_notification.win32': Not used on non-Windows systems
[6.593s] INFO:colcon.colcon_notification.desktop_notification:Sending desktop notification using 'notify2'
[6.639s] DEBUG:colcon.colcon_core.event_reactor:joined thread
[6.640s] INFO:colcon.colcon_core.shell:Creating prefix script '/home/orin_nano1/humanoid/ros2_workspace/install/local_setup.ps1'
[6.644s] INFO:colcon.colcon_core.shell:Creating prefix util module '/home/orin_nano1/humanoid/ros2_workspace/install/_local_setup_util_ps1.py'
[6.650s] INFO:colcon.colcon_core.shell:Creating prefix chain script '/home/orin_nano1/humanoid/ros2_workspace/install/setup.ps1'
[6.697s] INFO:colcon.colcon_core.shell:Creating prefix script '/home/orin_nano1/humanoid/ros2_workspace/install/local_setup.sh'
[6.699s] INFO:colcon.colcon_core.shell:Creating prefix util module '/home/orin_nano1/humanoid/ros2_workspace/install/_local_setup_util_sh.py'
[6.701s] INFO:colcon.colcon_core.shell:Creating prefix chain script '/home/orin_nano1/humanoid/ros2_workspace/install/setup.sh'
[6.734s] INFO:colcon.colcon_core.shell:Creating prefix script '/home/orin_nano1/humanoid/ros2_workspace/install/local_setup.bash'
[6.736s] INFO:colcon.colcon_core.shell:Creating prefix chain script '/home/orin_nano1/humanoid/ros2_workspace/install/setup.bash'
[6.769s] INFO:colcon.colcon_core.shell:Creating prefix script '/home/orin_nano1/humanoid/ros2_workspace/install/local_setup.zsh'
[6.770s] INFO:colcon.colcon_core.shell:Creating prefix chain script '/home/orin_nano1/humanoid/ros2_workspace/install/setup.zsh'
