[0.559s] DEBUG:colcon:Command line arguments: ['/usr/bin/colcon', 'build']
[0.559s] DEBUG:colcon:Parsed command line arguments: Namespace(log_base=None, log_level=None, verb_name='build', build_base='build', install_base='install', merge_install=False, symlink_install=False, test_result_base=None, continue_on_error=False, executor='parallel', parallel_workers=6, event_handlers=None, ignore_user_meta=False, metas=['./colcon.meta'], base_paths=['.'], packages_ignore=None, packages_ignore_regex=None, paths=None, packages_up_to=None, packages_up_to_regex=None, packages_above=None, packages_above_and_dependencies=None, packages_above_depth=None, packages_select_by_dep=None, packages_skip_by_dep=None, packages_skip_up_to=None, packages_select_build_failed=False, packages_skip_build_finished=False, packages_select_test_failures=False, packages_skip_test_passed=False, packages_select=None, packages_skip=None, packages_select_regex=None, packages_skip_regex=None, packages_start=None, packages_end=None, allow_overriding=[], cmake_args=None, cmake_target=None, cmake_target_skip_unavailable=False, cmake_clean_cache=False, cmake_clean_first=False, cmake_force_configure=False, ament_cmake_args=None, catkin_cmake_args=None, catkin_skip_building_tests=False, mixin_files=None, mixin=None, verb_parser=<colcon_mixin.mixin.mixin_argument.MixinArgumentDecorator object at 0xffff974f3ca0>, verb_extension=<colcon_core.verb.build.BuildVerb object at 0xffff974f36d0>, main=<bound method BuildVerb.main of <colcon_core.verb.build.BuildVerb object at 0xffff974f36d0>>, mixin_verb=('build',))
[1.283s] Level 1:colcon.colcon_core.package_discovery:discover_packages(colcon_meta) check parameters
[1.283s] Level 1:colcon.colcon_core.package_discovery:discover_packages(recursive) check parameters
[1.283s] Level 1:colcon.colcon_core.package_discovery:discover_packages(ignore) check parameters
[1.284s] Level 1:colcon.colcon_core.package_discovery:discover_packages(path) check parameters
[1.284s] Level 1:colcon.colcon_core.package_discovery:discover_packages(colcon_meta) discover
[1.284s] Level 1:colcon.colcon_core.package_discovery:discover_packages(recursive) discover
[1.284s] INFO:colcon.colcon_core.package_discovery:Crawling recursively for packages in '/home/orin_nano1/humanoid/ros2_workspace'
[1.284s] Level 1:colcon.colcon_core.package_identification:_identify(.) by extensions ['ignore', 'ignore_ament_install']
[1.285s] Level 1:colcon.colcon_core.package_identification:_identify(.) by extension 'ignore'
[1.285s] Level 1:colcon.colcon_core.package_identification:_identify(.) by extension 'ignore_ament_install'
[1.285s] Level 1:colcon.colcon_core.package_identification:_identify(.) by extensions ['colcon_pkg']
[1.285s] Level 1:colcon.colcon_core.package_identification:_identify(.) by extension 'colcon_pkg'
[1.285s] Level 1:colcon.colcon_core.package_identification:_identify(.) by extensions ['colcon_meta']
[1.285s] Level 1:colcon.colcon_core.package_identification:_identify(.) by extension 'colcon_meta'
[1.285s] Level 1:colcon.colcon_core.package_identification:_identify(.) by extensions ['ros']
[1.285s] Level 1:colcon.colcon_core.package_identification:_identify(.) by extension 'ros'
[1.320s] Level 1:colcon.colcon_core.package_identification:_identify(.) by extensions ['cmake', 'python']
[1.320s] Level 1:colcon.colcon_core.package_identification:_identify(.) by extension 'cmake'
[1.320s] Level 1:colcon.colcon_core.package_identification:_identify(.) by extension 'python'
[1.320s] Level 1:colcon.colcon_core.package_identification:_identify(.) by extensions ['python_setup_py']
[1.320s] Level 1:colcon.colcon_core.package_identification:_identify(.) by extension 'python_setup_py'
[1.321s] Level 1:colcon.colcon_core.package_identification:_identify(build) by extensions ['ignore', 'ignore_ament_install']
[1.321s] Level 1:colcon.colcon_core.package_identification:_identify(build) by extension 'ignore'
[1.321s] Level 1:colcon.colcon_core.package_identification:_identify(build) ignored
[1.321s] Level 1:colcon.colcon_core.package_identification:_identify(install) by extensions ['ignore', 'ignore_ament_install']
[1.322s] Level 1:colcon.colcon_core.package_identification:_identify(install) by extension 'ignore'
[1.322s] Level 1:colcon.colcon_core.package_identification:_identify(install) ignored
[1.322s] Level 1:colcon.colcon_core.package_identification:_identify(log) by extensions ['ignore', 'ignore_ament_install']
[1.322s] Level 1:colcon.colcon_core.package_identification:_identify(log) by extension 'ignore'
[1.322s] Level 1:colcon.colcon_core.package_identification:_identify(log) ignored
[1.323s] Level 1:colcon.colcon_core.package_identification:_identify(src) by extensions ['ignore', 'ignore_ament_install']
[1.323s] Level 1:colcon.colcon_core.package_identification:_identify(src) by extension 'ignore'
[1.323s] Level 1:colcon.colcon_core.package_identification:_identify(src) by extension 'ignore_ament_install'
[1.323s] Level 1:colcon.colcon_core.package_identification:_identify(src) by extensions ['colcon_pkg']
[1.323s] Level 1:colcon.colcon_core.package_identification:_identify(src) by extension 'colcon_pkg'
[1.323s] Level 1:colcon.colcon_core.package_identification:_identify(src) by extensions ['colcon_meta']
[1.323s] Level 1:colcon.colcon_core.package_identification:_identify(src) by extension 'colcon_meta'
[1.323s] Level 1:colcon.colcon_core.package_identification:_identify(src) by extensions ['ros']
[1.323s] Level 1:colcon.colcon_core.package_identification:_identify(src) by extension 'ros'
[1.324s] Level 1:colcon.colcon_core.package_identification:_identify(src) by extensions ['cmake', 'python']
[1.324s] Level 1:colcon.colcon_core.package_identification:_identify(src) by extension 'cmake'
[1.324s] Level 1:colcon.colcon_core.package_identification:_identify(src) by extension 'python'
[1.324s] Level 1:colcon.colcon_core.package_identification:_identify(src) by extensions ['python_setup_py']
[1.324s] Level 1:colcon.colcon_core.package_identification:_identify(src) by extension 'python_setup_py'
[1.324s] Level 1:colcon.colcon_core.package_identification:_identify(src/_tools) by extensions ['ignore', 'ignore_ament_install']
[1.325s] Level 1:colcon.colcon_core.package_identification:_identify(src/_tools) by extension 'ignore'
[1.325s] Level 1:colcon.colcon_core.package_identification:_identify(src/_tools) by extension 'ignore_ament_install'
[1.325s] Level 1:colcon.colcon_core.package_identification:_identify(src/_tools) by extensions ['colcon_pkg']
[1.325s] Level 1:colcon.colcon_core.package_identification:_identify(src/_tools) by extension 'colcon_pkg'
[1.325s] Level 1:colcon.colcon_core.package_identification:_identify(src/_tools) by extensions ['colcon_meta']
[1.325s] Level 1:colcon.colcon_core.package_identification:_identify(src/_tools) by extension 'colcon_meta'
[1.325s] Level 1:colcon.colcon_core.package_identification:_identify(src/_tools) by extensions ['ros']
[1.325s] Level 1:colcon.colcon_core.package_identification:_identify(src/_tools) by extension 'ros'
[1.326s] Level 1:colcon.colcon_core.package_identification:_identify(src/_tools) by extensions ['cmake', 'python']
[1.326s] Level 1:colcon.colcon_core.package_identification:_identify(src/_tools) by extension 'cmake'
[1.326s] Level 1:colcon.colcon_core.package_identification:_identify(src/_tools) by extension 'python'
[1.326s] Level 1:colcon.colcon_core.package_identification:_identify(src/_tools) by extensions ['python_setup_py']
[1.326s] Level 1:colcon.colcon_core.package_identification:_identify(src/_tools) by extension 'python_setup_py'
[1.326s] Level 1:colcon.colcon_core.package_identification:_identify(src/hardware_data) by extensions ['ignore', 'ignore_ament_install']
[1.326s] Level 1:colcon.colcon_core.package_identification:_identify(src/hardware_data) by extension 'ignore'
[1.326s] Level 1:colcon.colcon_core.package_identification:_identify(src/hardware_data) by extension 'ignore_ament_install'
[1.327s] Level 1:colcon.colcon_core.package_identification:_identify(src/hardware_data) by extensions ['colcon_pkg']
[1.327s] Level 1:colcon.colcon_core.package_identification:_identify(src/hardware_data) by extension 'colcon_pkg'
[1.327s] Level 1:colcon.colcon_core.package_identification:_identify(src/hardware_data) by extensions ['colcon_meta']
[1.327s] Level 1:colcon.colcon_core.package_identification:_identify(src/hardware_data) by extension 'colcon_meta'
[1.327s] Level 1:colcon.colcon_core.package_identification:_identify(src/hardware_data) by extensions ['ros']
[1.327s] Level 1:colcon.colcon_core.package_identification:_identify(src/hardware_data) by extension 'ros'
[1.332s] DEBUG:colcon.colcon_core.package_identification:Package 'src/hardware_data' with type 'ros.ament_python' and name 'hardware_data'
[1.333s] Level 1:colcon.colcon_core.package_discovery:discover_packages(recursive) using defaults
[1.333s] Level 1:colcon.colcon_core.package_discovery:discover_packages(ignore) discover
[1.333s] Level 1:colcon.colcon_core.package_discovery:discover_packages(ignore) using defaults
[1.333s] Level 1:colcon.colcon_core.package_discovery:discover_packages(path) discover
[1.333s] Level 1:colcon.colcon_core.package_discovery:discover_packages(path) using defaults
[1.436s] Level 1:colcon.colcon_core.package_discovery:discover_packages(prefix_path) check parameters
[1.437s] Level 1:colcon.colcon_core.package_discovery:discover_packages(prefix_path) discover
[1.471s] DEBUG:colcon.colcon_installed_package_information.package_discovery:Found 1 installed packages in /home/orin_nano1/humanoid/ros2_workspace/install
[1.472s] DEBUG:colcon.colcon_installed_package_information.package_discovery:Found 1 installed packages in /home/orin_nano1/octomap_ws/install
[1.491s] DEBUG:colcon.colcon_installed_package_information.package_discovery:Found 346 installed packages in /home/orin_nano1/ros2_humble/install
[1.499s] DEBUG:colcon.colcon_installed_package_information.package_discovery:Found 112 installed packages in /opt/ros/humble
[1.509s] Level 1:colcon.colcon_core.package_discovery:discover_packages(prefix_path) using defaults
[1.627s] Level 5:colcon.colcon_core.verb:set package 'hardware_data' build argument 'cmake_args' from command line to 'None'
[1.627s] Level 5:colcon.colcon_core.verb:set package 'hardware_data' build argument 'cmake_target' from command line to 'None'
[1.628s] Level 5:colcon.colcon_core.verb:set package 'hardware_data' build argument 'cmake_target_skip_unavailable' from command line to 'False'
[1.628s] Level 5:colcon.colcon_core.verb:set package 'hardware_data' build argument 'cmake_clean_cache' from command line to 'False'
[1.628s] Level 5:colcon.colcon_core.verb:set package 'hardware_data' build argument 'cmake_clean_first' from command line to 'False'
[1.628s] Level 5:colcon.colcon_core.verb:set package 'hardware_data' build argument 'cmake_force_configure' from command line to 'False'
[1.628s] Level 5:colcon.colcon_core.verb:set package 'hardware_data' build argument 'ament_cmake_args' from command line to 'None'
[1.628s] Level 5:colcon.colcon_core.verb:set package 'hardware_data' build argument 'catkin_cmake_args' from command line to 'None'
[1.628s] Level 5:colcon.colcon_core.verb:set package 'hardware_data' build argument 'catkin_skip_building_tests' from command line to 'False'
[1.628s] DEBUG:colcon.colcon_core.verb:Building package 'hardware_data' with the following arguments: {'ament_cmake_args': None, 'build_base': '/home/orin_nano1/humanoid/ros2_workspace/build/hardware_data', 'catkin_cmake_args': None, 'catkin_skip_building_tests': False, 'cmake_args': None, 'cmake_clean_cache': False, 'cmake_clean_first': False, 'cmake_force_configure': False, 'cmake_target': None, 'cmake_target_skip_unavailable': False, 'install_base': '/home/orin_nano1/humanoid/ros2_workspace/install/hardware_data', 'merge_install': False, 'path': '/home/orin_nano1/humanoid/ros2_workspace/src/hardware_data', 'symlink_install': False, 'test_result_base': None}
[1.628s] INFO:colcon.colcon_core.executor:Executing jobs using 'parallel' executor
[1.631s] DEBUG:colcon.colcon_parallel_executor.executor.parallel:run_until_complete
[1.632s] INFO:colcon.colcon_ros.task.ament_python.build:Building ROS package in '/home/orin_nano1/humanoid/ros2_workspace/src/hardware_data' with build type 'ament_python'
[1.632s] Level 1:colcon.colcon_core.shell:create_environment_hook('hardware_data', 'ament_prefix_path')
[1.647s] INFO:colcon.colcon_core.plugin_system:Skipping extension 'colcon_core.shell.bat': Not used on non-Windows systems
[1.647s] INFO:colcon.colcon_core.shell:Creating environment hook '/home/orin_nano1/humanoid/ros2_workspace/install/hardware_data/share/hardware_data/hook/ament_prefix_path.ps1'
[1.649s] INFO:colcon.colcon_core.shell:Creating environment descriptor '/home/orin_nano1/humanoid/ros2_workspace/install/hardware_data/share/hardware_data/hook/ament_prefix_path.dsv'
[1.650s] INFO:colcon.colcon_core.shell:Creating environment hook '/home/orin_nano1/humanoid/ros2_workspace/install/hardware_data/share/hardware_data/hook/ament_prefix_path.sh'
[1.652s] INFO:colcon.colcon_core.shell:Skip shell extension 'powershell' for command environment: Not usable outside of PowerShell
[1.652s] DEBUG:colcon.colcon_core.shell:Skip shell extension 'dsv' for command environment
[3.072s] INFO:colcon.colcon_core.task.python.build:Building Python package in '/home/orin_nano1/humanoid/ros2_workspace/src/hardware_data'
[3.073s] INFO:colcon.colcon_core.shell:Skip shell extension 'powershell' for command environment: Not usable outside of PowerShell
[3.073s] DEBUG:colcon.colcon_core.shell:Skip shell extension 'dsv' for command environment
[5.058s] DEBUG:colcon.colcon_core.event_handler.log_command:Invoking command in '/home/orin_nano1/humanoid/ros2_workspace/src/hardware_data': PYTHONPATH=/home/orin_nano1/humanoid/ros2_workspace/build/hardware_data/prefix_override:/usr/lib/python3/dist-packages/colcon_core/task/python/colcon_distutils_commands:/home/orin_nano1/humanoid/ros2_workspace/install/hardware_data/lib/python3.10/site-packages:${PYTHONPATH} /usr/bin/python3 -W ignore:setup.py install is deprecated -W ignore:easy_install command is deprecated setup.py egg_info --egg-base ../../build/hardware_data build --build-base /home/orin_nano1/humanoid/ros2_workspace/build/hardware_data/build install --record /home/orin_nano1/humanoid/ros2_workspace/build/hardware_data/install.log --single-version-externally-managed install_data
[6.622s] DEBUG:colcon.colcon_core.event_handler.log_command:Invoked command in '/home/orin_nano1/humanoid/ros2_workspace/src/hardware_data' returned '0': PYTHONPATH=/home/orin_nano1/humanoid/ros2_workspace/build/hardware_data/prefix_override:/usr/lib/python3/dist-packages/colcon_core/task/python/colcon_distutils_commands:/home/orin_nano1/humanoid/ros2_workspace/install/hardware_data/lib/python3.10/site-packages:${PYTHONPATH} /usr/bin/python3 -W ignore:setup.py install is deprecated -W ignore:easy_install command is deprecated setup.py egg_info --egg-base ../../build/hardware_data build --build-base /home/orin_nano1/humanoid/ros2_workspace/build/hardware_data/build install --record /home/orin_nano1/humanoid/ros2_workspace/build/hardware_data/install.log --single-version-externally-managed install_data
[6.647s] Level 1:colcon.colcon_core.environment:checking '/home/orin_nano1/humanoid/ros2_workspace/install/hardware_data' for CMake module files
[6.649s] Level 1:colcon.colcon_core.environment:checking '/home/orin_nano1/humanoid/ros2_workspace/install/hardware_data' for CMake config files
[6.651s] Level 1:colcon.colcon_core.environment:checking '/home/orin_nano1/humanoid/ros2_workspace/install/hardware_data/lib'
[6.652s] Level 1:colcon.colcon_core.environment:checking '/home/orin_nano1/humanoid/ros2_workspace/install/hardware_data/bin'
[6.652s] Level 1:colcon.colcon_core.environment:checking '/home/orin_nano1/humanoid/ros2_workspace/install/hardware_data/lib/pkgconfig/hardware_data.pc'
[6.653s] Level 1:colcon.colcon_core.environment:checking '/home/orin_nano1/humanoid/ros2_workspace/install/hardware_data/lib/python3.10/site-packages'
[6.653s] Level 1:colcon.colcon_core.shell:create_environment_hook('hardware_data', 'pythonpath')
[6.654s] INFO:colcon.colcon_core.shell:Creating environment hook '/home/orin_nano1/humanoid/ros2_workspace/install/hardware_data/share/hardware_data/hook/pythonpath.ps1'
[6.656s] INFO:colcon.colcon_core.shell:Creating environment descriptor '/home/orin_nano1/humanoid/ros2_workspace/install/hardware_data/share/hardware_data/hook/pythonpath.dsv'
[6.658s] INFO:colcon.colcon_core.shell:Creating environment hook '/home/orin_nano1/humanoid/ros2_workspace/install/hardware_data/share/hardware_data/hook/pythonpath.sh'
[6.660s] Level 1:colcon.colcon_core.environment:checking '/home/orin_nano1/humanoid/ros2_workspace/install/hardware_data/bin'
[6.660s] Level 1:colcon.colcon_core.environment:create_environment_scripts_only(hardware_data)
[6.662s] INFO:colcon.colcon_core.shell:Creating package script '/home/orin_nano1/humanoid/ros2_workspace/install/hardware_data/share/hardware_data/package.ps1'
[6.665s] INFO:colcon.colcon_core.shell:Creating package descriptor '/home/orin_nano1/humanoid/ros2_workspace/install/hardware_data/share/hardware_data/package.dsv'
[6.667s] INFO:colcon.colcon_core.shell:Creating package script '/home/orin_nano1/humanoid/ros2_workspace/install/hardware_data/share/hardware_data/package.sh'
[6.671s] INFO:colcon.colcon_core.shell:Creating package script '/home/orin_nano1/humanoid/ros2_workspace/install/hardware_data/share/hardware_data/package.bash'
[6.673s] INFO:colcon.colcon_core.shell:Creating package script '/home/orin_nano1/humanoid/ros2_workspace/install/hardware_data/share/hardware_data/package.zsh'
[6.675s] Level 1:colcon.colcon_core.environment:create_file_with_runtime_dependencies(/home/orin_nano1/humanoid/ros2_workspace/install/hardware_data/share/colcon-core/packages/hardware_data)
[6.676s] DEBUG:colcon.colcon_parallel_executor.executor.parallel:closing loop
[6.677s] DEBUG:colcon.colcon_parallel_executor.executor.parallel:loop closed
[6.677s] DEBUG:colcon.colcon_parallel_executor.executor.parallel:run_until_complete finished with '0'
[6.678s] DEBUG:colcon.colcon_core.event_reactor:joining thread
[6.726s] INFO:colcon.colcon_core.plugin_system:Skipping extension 'colcon_notification.desktop_notification.terminal_notifier': Not used on non-Darwin systems
[6.726s] INFO:colcon.colcon_core.plugin_system:Skipping extension 'colcon_notification.desktop_notification.win32': Not used on non-Windows systems
[6.726s] INFO:colcon.colcon_notification.desktop_notification:Sending desktop notification using 'notify2'
[6.765s] DEBUG:colcon.colcon_core.event_reactor:joined thread
[6.767s] INFO:colcon.colcon_core.shell:Creating prefix script '/home/orin_nano1/humanoid/ros2_workspace/install/local_setup.ps1'
[6.771s] INFO:colcon.colcon_core.shell:Creating prefix util module '/home/orin_nano1/humanoid/ros2_workspace/install/_local_setup_util_ps1.py'
[6.776s] INFO:colcon.colcon_core.shell:Creating prefix chain script '/home/orin_nano1/humanoid/ros2_workspace/install/setup.ps1'
[6.823s] INFO:colcon.colcon_core.shell:Creating prefix script '/home/orin_nano1/humanoid/ros2_workspace/install/local_setup.sh'
[6.824s] INFO:colcon.colcon_core.shell:Creating prefix util module '/home/orin_nano1/humanoid/ros2_workspace/install/_local_setup_util_sh.py'
[6.826s] INFO:colcon.colcon_core.shell:Creating prefix chain script '/home/orin_nano1/humanoid/ros2_workspace/install/setup.sh'
[6.860s] INFO:colcon.colcon_core.shell:Creating prefix script '/home/orin_nano1/humanoid/ros2_workspace/install/local_setup.bash'
[6.861s] INFO:colcon.colcon_core.shell:Creating prefix chain script '/home/orin_nano1/humanoid/ros2_workspace/install/setup.bash'
[6.893s] INFO:colcon.colcon_core.shell:Creating prefix script '/home/orin_nano1/humanoid/ros2_workspace/install/local_setup.zsh'
[6.894s] INFO:colcon.colcon_core.shell:Creating prefix chain script '/home/orin_nano1/humanoid/ros2_workspace/install/setup.zsh'
