[3.360s] Invoking command in '/home/orin_nano1/humanoid/ros2_workspace/src/hardware_data': PYTHONPATH=/home/orin_nano1/humanoid/ros2_workspace/build/hardware_data/prefix_override:/usr/lib/python3/dist-packages/colcon_core/task/python/colcon_distutils_commands:/home/orin_nano1/humanoid/ros2_workspace/install/hardware_data/lib/python3.10/site-packages:${PYTHONPATH} /usr/bin/python3 -W ignore:setup.py install is deprecated -W ignore:easy_install command is deprecated setup.py egg_info --egg-base ../../build/hardware_data build --build-base /home/orin_nano1/humanoid/ros2_workspace/build/hardware_data/build install --record /home/orin_nano1/humanoid/ros2_workspace/build/hardware_data/install.log --single-version-externally-managed install_data
[4.608s] running egg_info
[4.609s] creating ../../build/hardware_data/hardware_data.egg-info
[4.609s] writing ../../build/hardware_data/hardware_data.egg-info/PKG-INFO
[4.610s] writing dependency_links to ../../build/hardware_data/hardware_data.egg-info/dependency_links.txt
[4.610s] writing entry points to ../../build/hardware_data/hardware_data.egg-info/entry_points.txt
[4.611s] writing requirements to ../../build/hardware_data/hardware_data.egg-info/requires.txt
[4.611s] writing top-level names to ../../build/hardware_data/hardware_data.egg-info/top_level.txt
[4.611s] writing manifest file '../../build/hardware_data/hardware_data.egg-info/SOURCES.txt'
[4.615s] reading manifest file '../../build/hardware_data/hardware_data.egg-info/SOURCES.txt'
[4.617s] writing manifest file '../../build/hardware_data/hardware_data.egg-info/SOURCES.txt'
[4.617s] running build
[4.617s] running build_py
[4.618s] creating /home/orin_nano1/humanoid/ros2_workspace/build/hardware_data/build
[4.618s] creating /home/orin_nano1/humanoid/ros2_workspace/build/hardware_data/build/lib
[4.618s] creating /home/orin_nano1/humanoid/ros2_workspace/build/hardware_data/build/lib/hardware_data
[4.618s] copying hardware_data/__init__.py -> /home/orin_nano1/humanoid/ros2_workspace/build/hardware_data/build/lib/hardware_data
[4.619s] copying hardware_data/hardware_data_sub.py -> /home/orin_nano1/humanoid/ros2_workspace/build/hardware_data/build/lib/hardware_data
[4.619s] copying hardware_data/hardware_data_pub.py -> /home/orin_nano1/humanoid/ros2_workspace/build/hardware_data/build/lib/hardware_data
[4.619s] running install
[4.620s] running install_lib
[4.622s] creating /home/orin_nano1/humanoid/ros2_workspace/install/hardware_data/lib/python3.10/site-packages/hardware_data
[4.622s] copying /home/orin_nano1/humanoid/ros2_workspace/build/hardware_data/build/lib/hardware_data/__init__.py -> /home/orin_nano1/humanoid/ros2_workspace/install/hardware_data/lib/python3.10/site-packages/hardware_data
[4.622s] copying /home/orin_nano1/humanoid/ros2_workspace/build/hardware_data/build/lib/hardware_data/hardware_data_sub.py -> /home/orin_nano1/humanoid/ros2_workspace/install/hardware_data/lib/python3.10/site-packages/hardware_data
[4.622s] copying /home/orin_nano1/humanoid/ros2_workspace/build/hardware_data/build/lib/hardware_data/hardware_data_pub.py -> /home/orin_nano1/humanoid/ros2_workspace/install/hardware_data/lib/python3.10/site-packages/hardware_data
[4.628s] byte-compiling /home/orin_nano1/humanoid/ros2_workspace/install/hardware_data/lib/python3.10/site-packages/hardware_data/__init__.py to __init__.cpython-310.pyc
[4.629s] byte-compiling /home/orin_nano1/humanoid/ros2_workspace/install/hardware_data/lib/python3.10/site-packages/hardware_data/hardware_data_sub.py to hardware_data_sub.cpython-310.pyc
[4.631s] byte-compiling /home/orin_nano1/humanoid/ros2_workspace/install/hardware_data/lib/python3.10/site-packages/hardware_data/hardware_data_pub.py to hardware_data_pub.cpython-310.pyc
[4.632s] running install_data
[4.632s] creating /home/orin_nano1/humanoid/ros2_workspace/install/hardware_data/share/ament_index
[4.633s] creating /home/orin_nano1/humanoid/ros2_workspace/install/hardware_data/share/ament_index/resource_index
[4.633s] creating /home/orin_nano1/humanoid/ros2_workspace/install/hardware_data/share/ament_index/resource_index/packages
[4.633s] copying resource/hardware_data -> /home/orin_nano1/humanoid/ros2_workspace/install/hardware_data/share/ament_index/resource_index/packages
[4.633s] copying package.xml -> /home/orin_nano1/humanoid/ros2_workspace/install/hardware_data/share/hardware_data
[4.634s] running install_egg_info
[4.643s] Copying ../../build/hardware_data/hardware_data.egg-info to /home/orin_nano1/humanoid/ros2_workspace/install/hardware_data/lib/python3.10/site-packages/hardware_data-0.0.0-py3.10.egg-info
[4.645s] running install_scripts
[4.744s] Installing hardware_data_pub script to /home/orin_nano1/humanoid/ros2_workspace/install/hardware_data/lib/hardware_data
[4.745s] writing list of installed files to '/home/orin_nano1/humanoid/ros2_workspace/build/hardware_data/install.log'
[4.820s] Invoked command in '/home/orin_nano1/humanoid/ros2_workspace/src/hardware_data' returned '0': PYTHONPATH=/home/orin_nano1/humanoid/ros2_workspace/build/hardware_data/prefix_override:/usr/lib/python3/dist-packages/colcon_core/task/python/colcon_distutils_commands:/home/orin_nano1/humanoid/ros2_workspace/install/hardware_data/lib/python3.10/site-packages:${PYTHONPATH} /usr/bin/python3 -W ignore:setup.py install is deprecated -W ignore:easy_install command is deprecated setup.py egg_info --egg-base ../../build/hardware_data build --build-base /home/orin_nano1/humanoid/ros2_workspace/build/hardware_data/build install --record /home/orin_nano1/humanoid/ros2_workspace/build/hardware_data/install.log --single-version-externally-managed install_data
